<?xml version="1.0" encoding="UTF-8"?>
<!-- Generated by org.testng.reporters.JUnitXMLReporter -->
<testsuite ignored="0" hostname="ATHS-DELL" failures="0" tests="2" name="Default test" time="1.819" errors="0" timestamp="2021-12-07T06:18:20 CST">
  <testcase classname="com.FunctionalRestAssured_Maven.Delete_req" name="Validate_StatusCode" time="0.005"/>
  <testcase classname="com.FunctionalRestAssured_Maven.Delete_req" name="Validate_StatusLine" time="0.003"/>
</testsuite> <!-- Default test -->
