<?xml version="1.0" encoding="UTF-8"?>
<testng-results ignored="0" total="2" passed="2" failed="0" skipped="0">
  <reporter-output>
    <line>
      <![CDATA[Assertion passed . Expected StatusCode 200does match with but Actual Result 200]]>
    </line>
    <line>
      <![CDATA[Assertion passed . Expected StatusLine HTTP/1.1 200 OKdoes match with but Actual Result HTTP/1.1 200 OK]]>
    </line>
  </reporter-output>
  <suite started-at="2021-12-07T06:18:19 CST" name="Default suite" finished-at="2021-12-07T06:18:20 CST" duration-ms="1819">
    <groups>
    </groups>
    <test started-at="2021-12-07T06:18:19 CST" name="Default test" finished-at="2021-12-07T06:18:20 CST" duration-ms="1819">
      <class name="com.FunctionalRestAssured_Maven.Delete_req">
        <test-method is-config="true" signature="delete_post_req()[pri:0, instance:com.FunctionalRestAssured_Maven.Delete_req@2177849e]" started-at="2021-12-07T06:18:19 CST" name="delete_post_req" finished-at="2021-12-07T06:18:20 CST" duration-ms="1617" status="PASS">
          <reporter-output>
          </reporter-output>
        </test-method> <!-- delete_post_req -->
        <test-method signature="Validate_StatusCode()[pri:0, instance:com.FunctionalRestAssured_Maven.Delete_req@2177849e]" started-at="2021-12-07T06:18:20 CST" name="Validate_StatusCode" finished-at="2021-12-07T06:18:20 CST" duration-ms="5" status="PASS">
          <reporter-output>
            <line>
              <![CDATA[Assertion passed . Expected StatusCode 200does match with but Actual Result 200]]>
            </line>
          </reporter-output>
        </test-method> <!-- Validate_StatusCode -->
        <test-method is-config="true" signature="delete_post_req()[pri:0, instance:com.FunctionalRestAssured_Maven.Delete_req@2177849e]" started-at="2021-12-07T06:18:20 CST" name="delete_post_req" finished-at="2021-12-07T06:18:20 CST" duration-ms="154" status="PASS">
          <reporter-output>
          </reporter-output>
        </test-method> <!-- delete_post_req -->
        <test-method signature="Validate_StatusLine()[pri:0, instance:com.FunctionalRestAssured_Maven.Delete_req@2177849e]" started-at="2021-12-07T06:18:20 CST" name="Validate_StatusLine" finished-at="2021-12-07T06:18:20 CST" duration-ms="3" status="PASS">
          <reporter-output>
            <line>
              <![CDATA[Assertion passed . Expected StatusLine HTTP/1.1 200 OKdoes match with but Actual Result HTTP/1.1 200 OK]]>
            </line>
          </reporter-output>
        </test-method> <!-- Validate_StatusLine -->
      </class> <!-- com.FunctionalRestAssured_Maven.Delete_req -->
    </test> <!-- Default test -->
  </suite> <!-- Default suite -->
</testng-results>
